<?xml version="1.0" encoding="UTF-8"?>
<!-- Generated by org.testng.reporters.JUnitXMLReporter -->
<testsuite ignored="1" hostname="snail" failures="0" tests="2" name="Prueba Técnica" time="18.161" errors="0" timestamp="2023-07-30T14:10:06 COT">
  <testcase classname="FunctionalTest.CruiseTest" name="searchProduct" time="7.066"/>
  <testcase classname="FunctionalTest.newUser" name="searchProduct" time="7.537"/>
  <testcase classname="FunctionalTest.newUser" name="newUser" time="0.0">
    <ignored/>
  </testcase> <!-- newUser -->
</testsuite> <!-- Prueba Técnica -->
