<?xml version="1.0" encoding="UTF-8"?>
<testng-results ignored="0" total="1" passed="1" failed="0" skipped="0">
  <reporter-output>
  </reporter-output>
  <suite started-at="2023-03-28T12:14:15 COT" name="Default suite" finished-at="2023-03-28T12:14:34 COT" duration-ms="19094">
    <groups>
    </groups>
    <test started-at="2023-03-28T12:14:15 COT" name="Default test" finished-at="2023-03-28T12:14:34 COT" duration-ms="19094">
      <class name="FunctionalTest.CruiseTest">
        <test-method is-config="true" signature="setUp()[pri:0, instance:FunctionalTest.CruiseTest@28cda624]" started-at="2023-03-28T12:14:15 COT" name="setUp" finished-at="2023-03-28T12:14:27 COT" duration-ms="12188" status="PASS">
          <reporter-output>
          </reporter-output>
        </test-method> <!-- setUp -->
        <test-method signature="userStory1()[pri:0, instance:FunctionalTest.CruiseTest@28cda624]" started-at="2023-03-28T12:14:27 COT" name="userStory1" finished-at="2023-03-28T12:14:34 COT" duration-ms="6556" status="PASS">
          <reporter-output>
          </reporter-output>
        </test-method> <!-- userStory1 -->
        <test-method is-config="true" signature="tearDown()[pri:0, instance:FunctionalTest.CruiseTest@28cda624]" started-at="2023-03-28T12:14:34 COT" name="tearDown" finished-at="2023-03-28T12:14:34 COT" duration-ms="160" status="PASS">
          <reporter-output>
          </reporter-output>
        </test-method> <!-- tearDown -->
      </class> <!-- FunctionalTest.CruiseTest -->
    </test> <!-- Default test -->
  </suite> <!-- Default suite -->
</testng-results>
