<?xml version="1.0" encoding="UTF-8"?>
<testng-results ignored="0" total="1" passed="1" failed="0" skipped="0">
  <reporter-output>
  </reporter-output>
  <suite started-at="2023-07-30T19:17:23 COT" name="Default suite" finished-at="2023-07-30T19:17:49 COT" duration-ms="25457">
    <groups>
    </groups>
    <test started-at="2023-07-30T19:17:23 COT" name="Default test" finished-at="2023-07-30T19:17:49 COT" duration-ms="25457">
      <class name="FunctionalTest.Delivery">
        <test-method is-config="true" signature="setUp()[pri:0, instance:FunctionalTest.Delivery@4201c465]" started-at="2023-07-30T19:17:23 COT" name="setUp" finished-at="2023-07-30T19:17:27 COT" duration-ms="3946" status="PASS">
          <reporter-output>
          </reporter-output>
        </test-method> <!-- setUp -->
        <test-method signature="delivery()[pri:0, instance:FunctionalTest.Delivery@4201c465]" started-at="2023-07-30T19:17:27 COT" name="delivery" description="Registro de usuario" finished-at="2023-07-30T19:17:49 COT" duration-ms="21225" status="PASS">
          <reporter-output>
          </reporter-output>
        </test-method> <!-- delivery -->
        <test-method is-config="true" signature="tearDown()[pri:0, instance:FunctionalTest.Delivery@4201c465]" started-at="2023-07-30T19:17:49 COT" name="tearDown" finished-at="2023-07-30T19:17:49 COT" duration-ms="2" status="PASS">
          <reporter-output>
          </reporter-output>
        </test-method> <!-- tearDown -->
      </class> <!-- FunctionalTest.Delivery -->
    </test> <!-- Default test -->
  </suite> <!-- Default suite -->
</testng-results>
